<?xml version="1.0" encoding="UTF-8"?>
<testsuite xmlns:xsi="http://www.w3.org/2001/XMLSchema-instance" xsi:noNamespaceSchemaLocation="https://maven.apache.org/surefire/maven-surefire-plugin/xsd/surefire-test-report.xsd" name="TestSuite" time="47.228" tests="4" errors="0" skipped="0" failures="0">
  <properties>
[...]
</properties>
  <testcase name="HomePageTest" classname="com.mindera.qae.AppTest" time="0.353"/>
  <testcase name="HomePageTest" classname="com.mindera.qae.AppTest" time="0.249"/>
  <testcase name="TableTest" classname="com.mindera.qae.AppTest" time="9.487"/>
  <testcase name="TableTest" classname="com.mindera.qae.AppTest" time="7.462"/>
</testsuite>